<?xml version="1.0" encoding="UTF-8"?>
<!-- Generated by org.testng.reporters.JUnitXMLReporter -->
<testsuite ignored="0" hostname="Arif-PC" failures="0" tests="3" name="Submit Order Test" time="94.079" errors="0" timestamp="2023-03-22T01:19:09 IST">
  <testcase classname="ArifAcdemy.tests.SubmitOrderTest" name="SubmitOrder" time="10.361"/>
  <testcase classname="ArifAcdemy.tests.SubmitOrderTest" name="SubmitOrder" time="10.055"/>
  <testcase classname="ArifAcdemy.tests.SubmitOrderTest" name="orderHstory" time="2.743"/>
</testsuite> <!-- Submit Order Test -->
