<?xml version="1.0" encoding="UTF-8"?>
<!-- Generated by org.testng.reporters.JUnitXMLReporter -->
<testsuite hostname="Arif-PC" ignored="0" name="Submit Order Test" tests="3" failures="0" timestamp="24 Mar 2023 06:24:08 GMT" time="134.876" errors="0">
  <testcase name="SubmitOrder" time="16.862" classname="ArifAcdemy.tests.SubmitOrderTest"/>
  <testcase name="SubmitOrder" time="10.648" classname="ArifAcdemy.tests.SubmitOrderTest"/>
  <testcase name="orderHstory" time="1.797" classname="ArifAcdemy.tests.SubmitOrderTest"/>
</testsuite> <!-- Submit Order Test -->
